[35m[1mScanning dependencies of target vesc_driver[0m
[ 20%] Built target vesc_driver_node
[ 30%] [32mBuilding CXX object CMakeFiles/vesc_driver.dir/src/vesc_driver.cpp.o[0m
[01m[K/home/orin_nano/demo/src/vesc_foxy/vesc_driver/src/vesc_driver.cpp:[m[K In member function â€˜[01m[Kvoid vesc_driver::VescDriver::joyCallback(sensor_msgs::msg::Joy_<std::allocator<void> >::SharedPtr)[m[Kâ€™:
[01m[K/home/orin_nano/demo/src/vesc_foxy/vesc_driver/src/vesc_driver.cpp:372:12:[m[K [01;31m[Kerror: [m[Kredeclaration of â€˜[01m[Kdouble motor_speed[m[Kâ€™
  372 |     double [01;31m[Kmotor_speed[m[K = -10000;
      |            [01;31m[K^~~~~~~~~~~[m[K
[01m[K/home/orin_nano/demo/src/vesc_foxy/vesc_driver/src/vesc_driver.cpp:371:12:[m[K [01;36m[Knote: [m[Kâ€˜[01m[Kdouble motor_speed[m[Kâ€™ previously declared here
  371 |     double [01;36m[Kmotor_speed[m[K = 10000;  //map(linear_vel, -1.0, 1.0, -10000.0, 10000.0);
      |            [01;36m[K^~~~~~~~~~~[m[K
make[2]: *** [CMakeFiles/vesc_driver.dir/build.make:63: CMakeFiles/vesc_driver.dir/src/vesc_driver.cpp.o] Error 1
make[1]: *** [CMakeFiles/Makefile2:136: CMakeFiles/vesc_driver.dir/all] Error 2
make: *** [Makefile:141: all] Error 2
