[2.758s] Invoking command in '/home/orin_nano/demo/build/vesc_driver': CMAKE_PREFIX_PATH=/home/orin_nano/demo/install/serial_driver:/home/orin_nano/demo/install/io_context:/home/orin_nano/demo/install/vesc_msgs:/home/orin_nano/demo/install/vesc:/home/orin_nano/demo/install/vesc_driver:/home/orin_nano/demo/install/vesc_ackermann:/home/orin_nano/demo/install/udp_driver:/home/orin_nano/demo/install/joy:/home/orin_nano/demo/install/combine_pkg:/home/orin_nano/demo/install/asio_cmake_module:/home/orin_nano/joyy/install/vesc:/home/orin_nano/joyy/install/vesc_ackermann:/home/orin_nano/joyy/install/vesc_msgs:/home/orin_nano/joyy/install/joy:/home/orin_nano/install/joy:/opt/ros/foxy LD_LIBRARY_PATH=/home/orin_nano/demo/install/serial_driver/lib:/home/orin_nano/demo/install/io_context/lib:/home/orin_nano/demo/install/vesc_msgs/lib:/home/orin_nano/demo/install/vesc_driver/lib:/home/orin_nano/demo/install/vesc_ackermann/lib:/home/orin_nano/demo/install/udp_driver/lib:/home/orin_nano/demo/install/joy/lib:/home/orin_nano/joyy/install/vesc_ackermann/lib:/home/orin_nano/joyy/install/vesc_msgs/lib:/home/orin_nano/joyy/install/joy/lib:/home/orin_nano/install/joy/lib:/opt/ros/foxy/opt/yaml_cpp_vendor/lib:/opt/ros/foxy/opt/rviz_ogre_vendor/lib:/opt/ros/foxy/lib/aarch64-linux-gnu:/opt/ros/foxy/lib:/usr/local/cuda-11.4/lib64 /usr/bin/cmake --build /home/orin_nano/demo/build/vesc_driver -- -j6 -l6
[2.867s] [35m[1mScanning dependencies of target vesc_driver[0m
[2.904s] [ 20%] Built target vesc_driver_node
[2.929s] [ 30%] [32mBuilding CXX object CMakeFiles/vesc_driver.dir/src/vesc_driver.cpp.o[0m
[6.097s] [01m[K/home/orin_nano/demo/src/vesc_foxy/vesc_driver/src/vesc_driver.cpp:[m[K In member function â€˜[01m[Kvoid vesc_driver::VescDriver::joyCallback(sensor_msgs::msg::Joy_<std::allocator<void> >::SharedPtr)[m[Kâ€™:
[6.097s] [01m[K/home/orin_nano/demo/src/vesc_foxy/vesc_driver/src/vesc_driver.cpp:372:12:[m[K [01;31m[Kerror: [m[Kredeclaration of â€˜[01m[Kdouble motor_speed[m[Kâ€™
[6.097s]   372 |     double [01;31m[Kmotor_speed[m[K = -10000;
[6.097s]       |            [01;31m[K^~~~~~~~~~~[m[K
[6.098s] [01m[K/home/orin_nano/demo/src/vesc_foxy/vesc_driver/src/vesc_driver.cpp:371:12:[m[K [01;36m[Knote: [m[Kâ€˜[01m[Kdouble motor_speed[m[Kâ€™ previously declared here
[6.098s]   371 |     double [01;36m[Kmotor_speed[m[K = 10000;  //map(linear_vel, -1.0, 1.0, -10000.0, 10000.0);
[6.098s]       |            [01;36m[K^~~~~~~~~~~[m[K
[12.387s] make[2]: *** [CMakeFiles/vesc_driver.dir/build.make:63: CMakeFiles/vesc_driver.dir/src/vesc_driver.cpp.o] Error 1
[12.387s] make[1]: *** [CMakeFiles/Makefile2:136: CMakeFiles/vesc_driver.dir/all] Error 2
[12.387s] make: *** [Makefile:141: all] Error 2
[12.392s] Invoked command in '/home/orin_nano/demo/build/vesc_driver' returned '2': CMAKE_PREFIX_PATH=/home/orin_nano/demo/install/serial_driver:/home/orin_nano/demo/install/io_context:/home/orin_nano/demo/install/vesc_msgs:/home/orin_nano/demo/install/vesc:/home/orin_nano/demo/install/vesc_driver:/home/orin_nano/demo/install/vesc_ackermann:/home/orin_nano/demo/install/udp_driver:/home/orin_nano/demo/install/joy:/home/orin_nano/demo/install/combine_pkg:/home/orin_nano/demo/install/asio_cmake_module:/home/orin_nano/joyy/install/vesc:/home/orin_nano/joyy/install/vesc_ackermann:/home/orin_nano/joyy/install/vesc_msgs:/home/orin_nano/joyy/install/joy:/home/orin_nano/install/joy:/opt/ros/foxy LD_LIBRARY_PATH=/home/orin_nano/demo/install/serial_driver/lib:/home/orin_nano/demo/install/io_context/lib:/home/orin_nano/demo/install/vesc_msgs/lib:/home/orin_nano/demo/install/vesc_driver/lib:/home/orin_nano/demo/install/vesc_ackermann/lib:/home/orin_nano/demo/install/udp_driver/lib:/home/orin_nano/demo/install/joy/lib:/home/orin_nano/joyy/install/vesc_ackermann/lib:/home/orin_nano/joyy/install/vesc_msgs/lib:/home/orin_nano/joyy/install/joy/lib:/home/orin_nano/install/joy/lib:/opt/ros/foxy/opt/yaml_cpp_vendor/lib:/opt/ros/foxy/opt/rviz_ogre_vendor/lib:/opt/ros/foxy/lib/aarch64-linux-gnu:/opt/ros/foxy/lib:/usr/local/cuda-11.4/lib64 /usr/bin/cmake --build /home/orin_nano/demo/build/vesc_driver -- -j6 -l6
