-- The C compiler identification is GNU 9.4.0
-- The CXX compiler identification is GNU 9.4.0
-- Check for working C compiler: /usr/bin/cc
-- Check for working C compiler: /usr/bin/cc -- works
-- Detecting C compiler ABI info
-- Detecting C compiler ABI info - done
-- Detecting C compile features
-- Detecting C compile features - done
-- Check for working CXX compiler: /usr/bin/c++
-- Check for working CXX compiler: /usr/bin/c++ -- works
-- Detecting CXX compiler ABI info
-- Detecting CXX compiler ABI info - done
-- Detecting CXX compile features
-- Detecting CXX compile features - done
-- Found ament_cmake_auto: 0.9.12 (/opt/ros/foxy/share/ament_cmake_auto/cmake)
-- Found PythonInterp: /usr/bin/python3 (found suitable version "3.8.10", minimum required is "3") 
-- Using PYTHON_EXECUTABLE: /usr/bin/python3
-- Using all available rosidl_typesupport_c: rosidl_typesupport_fastrtps_c;rosidl_typesupport_introspection_c
-- Found rosidl_adapter: 1.3.1 (/opt/ros/foxy/share/rosidl_adapter/cmake)
-- Found OpenSSL: /usr/lib/aarch64-linux-gnu/libcrypto.so (found version "1.1.1f")  
-- Found FastRTPS: /opt/ros/foxy/include  
-- Using all available rosidl_typesupport_cpp: rosidl_typesupport_fastrtps_cpp;rosidl_typesupport_introspection_cpp
-- Found rmw_implementation_cmake: 1.0.4 (/opt/ros/foxy/share/rmw_implementation_cmake/cmake)
-- Using RMW implementation 'rmw_fastrtps_cpp' as default
-- Looking for pthread.h
-- Looking for pthread.h - found
-- Performing Test CMAKE_HAVE_LIBC_PTHREAD
-- Performing Test CMAKE_HAVE_LIBC_PTHREAD - Failed
-- Looking for pthread_create in pthreads
-- Looking for pthread_create in pthreads - not found
-- Looking for pthread_create in pthread
-- Looking for pthread_create in pthread - found
-- Found Threads: TRUE  
-- Found ament_lint_auto: 0.9.8 (/opt/ros/foxy/share/ament_lint_auto/cmake)
-- Added test 'copyright' to check source files copyright and LICENSE
-- Added test 'cppcheck' to perform static code analysis on C / C++ code
-- Configured cppcheck include dirs: /home/orin_nano/demo/src/vesc_foxy/vesc_ackermann/include
-- Configured cppcheck exclude dirs and/or files: 
-- Added test 'cpplint' to check C / C++ code against the Google style
-- Configured cpplint exclude dirs and/or files: 
-- Added test 'lint_cmake' to check CMake code style
-- Added test 'uncrustify' to check C / C++ code style
-- Configured uncrustify additional arguments: 
-- Added test 'xmllint' to check XML markup files
-- Configuring done
-- Generating done
-- Build files have been written to: /home/orin_nano/demo/build/vesc_ackermann
[35m[1mScanning dependencies of target vesc_to_odom_node[0m
[35m[1mScanning dependencies of target ackermann_to_vesc_node[0m
[35m[1mScanning dependencies of target vesc_ackermann[0m
[ 14%] [32mBuilding CXX object CMakeFiles/ackermann_to_vesc_node.dir/rclcpp_components/node_main_ackermann_to_vesc_node.cpp.o[0m
[ 28%] [32mBuilding CXX object CMakeFiles/vesc_to_odom_node.dir/rclcpp_components/node_main_vesc_to_odom_node.cpp.o[0m
[ 42%] [32mBuilding CXX object CMakeFiles/vesc_ackermann.dir/src/vesc_to_odom.cpp.o[0m
[ 57%] [32mBuilding CXX object CMakeFiles/vesc_ackermann.dir/src/ackermann_to_vesc.cpp.o[0m
[01m[K/home/orin_nano/demo/src/vesc_foxy/vesc_ackermann/src/vesc_to_odom.cpp:13:7:[m[K [01;31m[Kerror: [m[Kâ€˜[01m[Knav_msgs[m[Kâ€™ has not been declared
   13 | using [01;31m[Knav_msgs[m[K::msg::Odometry;
      |       [01;31m[K^~~~~~~~[m[K
[01m[K/home/orin_nano/demo/src/vesc_foxy/vesc_ackermann/src/vesc_to_odom.cpp:17:1:[m[K [01;31m[Kerror: [m[Kâ€˜[01m[KVescToOdom[m[Kâ€™ does not name a type
   17 | [01;31m[KVescToOdom[m[K::VescToOdom(const rclcpp::NodeOptions & options)
      | [01;31m[K^~~~~~~~~~[m[K
[01m[K/home/orin_nano/demo/src/vesc_foxy/vesc_ackermann/src/vesc_to_odom.cpp:60:6:[m[K [01;31m[Kerror: [m[Kâ€˜[01m[KVescToOdom[m[Kâ€™ has not been declared
   60 | void [01;31m[KVescToOdom[m[K::motorSpeedCallback(const Float64::SharedPtr msg)
      |      [01;31m[K^~~~~~~~~~[m[K
[01m[K/home/orin_nano/demo/src/vesc_foxy/vesc_ackermann/src/vesc_to_odom.cpp:[m[K In function â€˜[01m[Kvoid vesc_ackermann::motorSpeedCallback(std_msgs::msg::Float64_<std::allocator<void> >::SharedPtr)[m[Kâ€™:
[01m[K/home/orin_nano/demo/src/vesc_foxy/vesc_ackermann/src/vesc_to_odom.cpp:64:3:[m[K [01;31m[Kerror: [m[Kâ€˜[01m[Kmotor_speed_[m[Kâ€™ was not declared in this scope
   64 |   [01;31m[Kmotor_speed_[m[K = map(read_speed_, -10000.0, 10000.0, -3.0, 3.0);
      |   [01;31m[K^~~~~~~~~~~~[m[K
[01m[K/home/orin_nano/demo/src/vesc_foxy/vesc_ackermann/src/vesc_to_odom.cpp:[m[K At global scope:
[01m[K/home/orin_nano/demo/src/vesc_foxy/vesc_ackermann/src/vesc_to_odom.cpp:67:6:[m[K [01;31m[Kerror: [m[Kâ€˜[01m[KVescToOdom[m[Kâ€™ has not been declared
   67 | void [01;31m[KVescToOdom[m[K::servoAngleCallback(const Float64::SharedPtr msg)
      |      [01;31m[K^~~~~~~~~~[m[K
[01m[K/home/orin_nano/demo/src/vesc_foxy/vesc_ackermann/src/vesc_to_odom.cpp:[m[K In function â€˜[01m[Kvoid vesc_ackermann::servoAngleCallback(std_msgs::msg::Float64_<std::allocator<void> >::SharedPtr)[m[Kâ€™:
[01m[K/home/orin_nano/demo/src/vesc_foxy/vesc_ackermann/src/vesc_to_odom.cpp:71:3:[m[K [01;31m[Kerror: [m[Kâ€˜[01m[Kservo_angle_[m[Kâ€™ was not declared in this scope; did you mean â€˜[01m[Kread_angle_[m[Kâ€™?
   71 |   [01;31m[Kservo_angle_[m[K =  map(read_angle_, 65.0, 67.0, -40.0/180.0*M_PI, 40.0/180.0*M_PI);
      |   [01;31m[K^~~~~~~~~~~~[m[K
      |   [32m[Kread_angle_[m[K
[01m[K/home/orin_nano/demo/src/vesc_foxy/vesc_ackermann/src/vesc_to_odom.cpp:[m[K At global scope:
[01m[K/home/orin_nano/demo/src/vesc_foxy/vesc_ackermann/src/vesc_to_odom.cpp:74:6:[m[K [01;31m[Kerror: [m[Kâ€˜[01m[KVescToOdom[m[Kâ€™ has not been declared
   74 | void [01;31m[KVescToOdom[m[K::updateCallback()
      |      [01;31m[K^~~~~~~~~~[m[K
[01m[K/home/orin_nano/demo/src/vesc_foxy/vesc_ackermann/src/vesc_to_odom.cpp:[m[K In function â€˜[01m[Kvoid vesc_ackermann::updateCallback()[m[Kâ€™:
[01m[K/home/orin_nano/demo/src/vesc_foxy/vesc_ackermann/src/vesc_to_odom.cpp:79:18:[m[K [01;31m[Kerror: [m[Kâ€˜[01m[Kmotor_speed_[m[Kâ€™ was not declared in this scope
   79 |   double x_dot = [01;31m[Kmotor_speed_[m[K * cos(theta_);
      |                  [01;31m[K^~~~~~~~~~~~[m[K
[01m[K/home/orin_nano/demo/src/vesc_foxy/vesc_ackermann/src/vesc_to_odom.cpp:79:37:[m[K [01;31m[Kerror: [m[Kâ€˜[01m[Ktheta_[m[Kâ€™ was not declared in this scope
   79 |   double x_dot = motor_speed_ * cos([01;31m[Ktheta_[m[K);
      |                                     [01;31m[K^~~~~~[m[K
[01m[K/home/orin_nano/demo/src/vesc_foxy/vesc_ackermann/src/vesc_to_odom.cpp:81:37:[m[K [01;31m[Kerror: [m[Kâ€˜[01m[Kwheelbase_[m[Kâ€™ was not declared in this scope
   81 |   double theta_dot = motor_speed_ / [01;31m[Kwheelbase_[m[K * tan(servo_angle_);
      |                                     [01;31m[K^~~~~~~~~~[m[K
[01m[K/home/orin_nano/demo/src/vesc_foxy/vesc_ackermann/src/vesc_to_odom.cpp:81:54:[m[K [01;31m[Kerror: [m[Kâ€˜[01m[Kservo_angle_[m[Kâ€™ was not declared in this scope
   81 |   double theta_dot = motor_speed_ / wheelbase_ * tan([01;31m[Kservo_angle_[m[K);
      |                                                      [01;31m[K^~~~~~~~~~~~[m[K
[01m[K/home/orin_nano/demo/src/vesc_foxy/vesc_ackermann/src/vesc_to_odom.cpp:84:3:[m[K [01;31m[Kerror: [m[Kâ€˜[01m[Kx_[m[Kâ€™ was not declared in this scope
   84 |   [01;31m[Kx_[m[K += x_dot * dt;
      |   [01;31m[K^~[m[K
[01m[K/home/orin_nano/demo/src/vesc_foxy/vesc_ackermann/src/vesc_to_odom.cpp:85:3:[m[K [01;31m[Kerror: [m[Kâ€˜[01m[Ky_[m[Kâ€™ was not declared in this scope; did you mean â€˜[01m[Kyn[m[Kâ€™?
   85 |   [01;31m[Ky_[m[K += y_dot * dt;
      |   [01;31m[K^~[m[K
      |   [32m[Kyn[m[K
[01m[K/home/orin_nano/demo/src/vesc_foxy/vesc_ackermann/src/vesc_to_odom.cpp:88:3:[m[K [01;31m[Kerror: [m[Kâ€˜[01m[KOdometry[m[Kâ€™ was not declared in this scope
   88 |   [01;31m[KOdometry[m[K odom;
      |   [01;31m[K^~~~~~~~[m[K
[01m[K/home/orin_nano/demo/src/vesc_foxy/vesc_ackermann/src/vesc_to_odom.cpp:89:3:[m[K [01;31m[Kerror: [m[Kâ€˜[01m[Kodom[m[Kâ€™ was not declared in this scope
   89 |   [01;31m[Kodom[m[K.header.frame_id = odom_frame_;
      |   [01;31m[K^~~~[m[K
[01m[K/home/orin_nano/demo/src/vesc_foxy/vesc_ackermann/src/vesc_to_odom.cpp:89:26:[m[K [01;31m[Kerror: [m[Kâ€˜[01m[Kodom_frame_[m[Kâ€™ was not declared in this scope
   89 |   odom.header.frame_id = [01;31m[Kodom_frame_[m[K;
      |                          [01;31m[K^~~~~~~~~~~[m[K
[01m[K/home/orin_nano/demo/src/vesc_foxy/vesc_ackermann/src/vesc_to_odom.cpp:90:23:[m[K [01;31m[Kerror: [m[Kâ€˜[01m[Know[m[Kâ€™ was not declared in this scope; did you mean â€˜[01m[Kpow[m[Kâ€™?
   90 |   odom.header.stamp = [01;31m[Know[m[K();
      |                       [01;31m[K^~~[m[K
      |                       [32m[Kpow[m[K
[01m[K/home/orin_nano/demo/src/vesc_foxy/vesc_ackermann/src/vesc_to_odom.cpp:91:25:[m[K [01;31m[Kerror: [m[Kâ€˜[01m[Kbase_frame_[m[Kâ€™ was not declared in this scope; did you mean â€˜[01m[Kbasename[m[Kâ€™?
   91 |   odom.child_frame_id = [01;31m[Kbase_frame_[m[K;
      |                         [01;31m[K^~~~~~~~~~~[m[K
      |                         [32m[Kbasename[m[K
[01m[K/home/orin_nano/demo/src/vesc_foxy/vesc_ackermann/src/vesc_to_odom.cpp:107:7:[m[K [01;31m[Kerror: [m[Kâ€˜[01m[Kpublish_tf_[m[Kâ€™ was not declared in this scope
  107 |   if ([01;31m[Kpublish_tf_[m[K) {
      |       [01;31m[K^~~~~~~~~~~[m[K
[01m[K/home/orin_nano/demo/src/vesc_foxy/vesc_ackermann/src/vesc_to_odom.cpp:118:7:[m[K [01;31m[Kerror: [m[Kâ€˜[01m[Ktf_pub_[m[Kâ€™ was not declared in this scope
  118 |       [01;31m[Ktf_pub_[m[K->sendTransform(tf);
      |       [01;31m[K^~~~~~~[m[K
[01m[K/home/orin_nano/demo/src/vesc_foxy/vesc_ackermann/src/vesc_to_odom.cpp:123:5:[m[K [01;31m[Kerror: [m[Kâ€˜[01m[Kodom_pub_[m[Kâ€™ was not declared in this scope
  123 |     [01;31m[Kodom_pub_[m[K->publish(odom);
      |     [01;31m[K^~~~~~~~~[m[K
In file included from [01m[K/opt/ros/foxy/include/class_loader/class_loader.hpp:56[m[K,
                 from [01m[K/opt/ros/foxy/include/rclcpp_components/register_node_macro.hpp:18[m[K,
                 from [01m[K/home/orin_nano/demo/src/vesc_foxy/vesc_ackermann/src/vesc_to_odom.cpp:129[m[K:
[01m[K/home/orin_nano/demo/src/vesc_foxy/vesc_ackermann/src/vesc_to_odom.cpp:[m[K At global scope:
[01m[K/home/orin_nano/demo/src/vesc_foxy/vesc_ackermann/src/vesc_to_odom.cpp:131:49:[m[K [01;31m[Kerror: [m[Kâ€˜[01m[KVescToOdom[m[Kâ€™ is not a member of â€˜[01m[Kvesc_ackermann[m[Kâ€™
  131 | RCLCPP_COMPONENTS_REGISTER_NODE(vesc_ackermann::[01;31m[KVescToOdom[m[K)
      |                                                 [01;31m[K^~~~~~~~~~[m[K
[01m[K/home/orin_nano/demo/src/vesc_foxy/vesc_ackermann/src/vesc_to_odom.cpp:131:49:[m[K [01;31m[Kerror: [m[Kâ€˜[01m[KVescToOdom[m[Kâ€™ is not a member of â€˜[01m[Kvesc_ackermann[m[Kâ€™
[01m[K/home/orin_nano/demo/src/vesc_foxy/vesc_ackermann/src/vesc_to_odom.cpp:131:1:[m[K [01;31m[Kerror: [m[Ktemplate argument 1 is invalid
  131 | [01;31m[KRCLCPP_COMPONENTS_REGISTER_NODE[m[K(vesc_ackermann::VescToOdom)
      | [01;31m[K^~~~~~~~~~~~~~~~~~~~~~~~~~~~~~~[m[K
In file included from [01m[K/opt/ros/foxy/include/class_loader/class_loader_core.hpp:57[m[K,
                 from [01m[K/opt/ros/foxy/include/class_loader/class_loader.hpp:55[m[K,
                 from [01m[K/opt/ros/foxy/include/rclcpp_components/register_node_macro.hpp:18[m[K,
                 from [01m[K/home/orin_nano/demo/src/vesc_foxy/vesc_ackermann/src/vesc_to_odom.cpp:129[m[K:
/opt/ros/foxy/include/class_loader/meta_object.hpp: In instantiation of â€˜[01m[KB* class_loader::impl::MetaObject<C, B>::create() const [with C = int; B = rclcpp_components::NodeFactory][m[Kâ€™:
[01m[K/opt/ros/foxy/include/class_loader/meta_object.hpp:216:7:[m[K   required from here
[01m[K/opt/ros/foxy/include/class_loader/meta_object.hpp:218:12:[m[K [01;31m[Kerror: [m[Kcannot convert â€˜[01m[Kint*[m[Kâ€™ to â€˜[01m[Krclcpp_components::NodeFactory*[m[Kâ€™ in return
  218 |     return [01;31m[Knew C[m[K;
      |            [01;31m[K^~~~~[m[K
      |            [01;31m[K|[m[K
      |            [01;31m[Kint*[m[K
make[2]: *** [CMakeFiles/vesc_ackermann.dir/build.make:76: CMakeFiles/vesc_ackermann.dir/src/vesc_to_odom.cpp.o] Error 1
make[2]: *** Waiting for unfinished jobs....
[ 71%] [32m[1mLinking CXX executable vesc_to_odom_node[0m
[ 85%] [32m[1mLinking CXX executable ackermann_to_vesc_node[0m
[ 85%] Built target vesc_to_odom_node
[ 85%] Built target ackermann_to_vesc_node
make[1]: *** [CMakeFiles/Makefile2:136: CMakeFiles/vesc_ackermann.dir/all] Error 2
make: *** [Makefile:141: all] Error 2
