[01m[K/home/orin_nano/demo/src/vesc_foxy/vesc_ackermann/src/vesc_to_odom.cpp:13:7:[m[K [01;31m[Kerror: [m[Kâ€˜[01m[Knav_msgs[m[Kâ€™ has not been declared
   13 | using [01;31m[Knav_msgs[m[K::msg::Odometry;
      |       [01;31m[K^~~~~~~~[m[K
[01m[K/home/orin_nano/demo/src/vesc_foxy/vesc_ackermann/src/vesc_to_odom.cpp:17:1:[m[K [01;31m[Kerror: [m[Kâ€˜[01m[KVescToOdom[m[Kâ€™ does not name a type
   17 | [01;31m[KVescToOdom[m[K::VescToOdom(const rclcpp::NodeOptions & options)
      | [01;31m[K^~~~~~~~~~[m[K
[01m[K/home/orin_nano/demo/src/vesc_foxy/vesc_ackermann/src/vesc_to_odom.cpp:60:6:[m[K [01;31m[Kerror: [m[Kâ€˜[01m[KVescToOdom[m[Kâ€™ has not been declared
   60 | void [01;31m[KVescToOdom[m[K::motorSpeedCallback(const Float64::SharedPtr msg)
      |      [01;31m[K^~~~~~~~~~[m[K
[01m[K/home/orin_nano/demo/src/vesc_foxy/vesc_ackermann/src/vesc_to_odom.cpp:[m[K In function â€˜[01m[Kvoid vesc_ackermann::motorSpeedCallback(std_msgs::msg::Float64_<std::allocator<void> >::SharedPtr)[m[Kâ€™:
[01m[K/home/orin_nano/demo/src/vesc_foxy/vesc_ackermann/src/vesc_to_odom.cpp:64:3:[m[K [01;31m[Kerror: [m[Kâ€˜[01m[Kmotor_speed_[m[Kâ€™ was not declared in this scope
   64 |   [01;31m[Kmotor_speed_[m[K = map(read_speed_, -10000.0, 10000.0, -3.0, 3.0);
      |   [01;31m[K^~~~~~~~~~~~[m[K
[01m[K/home/orin_nano/demo/src/vesc_foxy/vesc_ackermann/src/vesc_to_odom.cpp:[m[K At global scope:
[01m[K/home/orin_nano/demo/src/vesc_foxy/vesc_ackermann/src/vesc_to_odom.cpp:67:6:[m[K [01;31m[Kerror: [m[Kâ€˜[01m[KVescToOdom[m[Kâ€™ has not been declared
   67 | void [01;31m[KVescToOdom[m[K::servoAngleCallback(const Float64::SharedPtr msg)
      |      [01;31m[K^~~~~~~~~~[m[K
[01m[K/home/orin_nano/demo/src/vesc_foxy/vesc_ackermann/src/vesc_to_odom.cpp:[m[K In function â€˜[01m[Kvoid vesc_ackermann::servoAngleCallback(std_msgs::msg::Float64_<std::allocator<void> >::SharedPtr)[m[Kâ€™:
[01m[K/home/orin_nano/demo/src/vesc_foxy/vesc_ackermann/src/vesc_to_odom.cpp:71:3:[m[K [01;31m[Kerror: [m[Kâ€˜[01m[Kservo_angle_[m[Kâ€™ was not declared in this scope; did you mean â€˜[01m[Kread_angle_[m[Kâ€™?
   71 |   [01;31m[Kservo_angle_[m[K =  map(read_angle_, 65.0, 67.0, -40.0*M_PI/180, 40.0*M_PI/180);
      |   [01;31m[K^~~~~~~~~~~~[m[K
      |   [32m[Kread_angle_[m[K
[01m[K/home/orin_nano/demo/src/vesc_foxy/vesc_ackermann/src/vesc_to_odom.cpp:[m[K At global scope:
[01m[K/home/orin_nano/demo/src/vesc_foxy/vesc_ackermann/src/vesc_to_odom.cpp:74:6:[m[K [01;31m[Kerror: [m[Kâ€˜[01m[KVescToOdom[m[Kâ€™ has not been declared
   74 | void [01;31m[KVescToOdom[m[K::updateCallback()
      |      [01;31m[K^~~~~~~~~~[m[K
[01m[K/home/orin_nano/demo/src/vesc_foxy/vesc_ackermann/src/vesc_to_odom.cpp:[m[K In function â€˜[01m[Kvoid vesc_ackermann::updateCallback()[m[Kâ€™:
[01m[K/home/orin_nano/demo/src/vesc_foxy/vesc_ackermann/src/vesc_to_odom.cpp:79:18:[m[K [01;31m[Kerror: [m[Kâ€˜[01m[Kmotor_speed_[m[Kâ€™ was not declared in this scope
   79 |   double x_dot = [01;31m[Kmotor_speed_[m[K * cos(theta_);
      |                  [01;31m[K^~~~~~~~~~~~[m[K
[01m[K/home/orin_nano/demo/src/vesc_foxy/vesc_ackermann/src/vesc_to_odom.cpp:79:37:[m[K [01;31m[Kerror: [m[Kâ€˜[01m[Ktheta_[m[Kâ€™ was not declared in this scope
   79 |   double x_dot = motor_speed_ * cos([01;31m[Ktheta_[m[K);
      |                                     [01;31m[K^~~~~~[m[K
[01m[K/home/orin_nano/demo/src/vesc_foxy/vesc_ackermann/src/vesc_to_odom.cpp:81:37:[m[K [01;31m[Kerror: [m[Kâ€˜[01m[Kwheelbase_[m[Kâ€™ was not declared in this scope
   81 |   double theta_dot = motor_speed_ / [01;31m[Kwheelbase_[m[K * tan(servo_angle_);
      |                                     [01;31m[K^~~~~~~~~~[m[K
[01m[K/home/orin_nano/demo/src/vesc_foxy/vesc_ackermann/src/vesc_to_odom.cpp:81:54:[m[K [01;31m[Kerror: [m[Kâ€˜[01m[Kservo_angle_[m[Kâ€™ was not declared in this scope
   81 |   double theta_dot = motor_speed_ / wheelbase_ * tan([01;31m[Kservo_angle_[m[K);
      |                                                      [01;31m[K^~~~~~~~~~~~[m[K
[01m[K/home/orin_nano/demo/src/vesc_foxy/vesc_ackermann/src/vesc_to_odom.cpp:84:3:[m[K [01;31m[Kerror: [m[Kâ€˜[01m[Kx_[m[Kâ€™ was not declared in this scope
   84 |   [01;31m[Kx_[m[K += x_dot * dt;
      |   [01;31m[K^~[m[K
[01m[K/home/orin_nano/demo/src/vesc_foxy/vesc_ackermann/src/vesc_to_odom.cpp:85:3:[m[K [01;31m[Kerror: [m[Kâ€˜[01m[Ky_[m[Kâ€™ was not declared in this scope; did you mean â€˜[01m[Kyn[m[Kâ€™?
   85 |   [01;31m[Ky_[m[K += y_dot * dt;
      |   [01;31m[K^~[m[K
      |   [32m[Kyn[m[K
[01m[K/home/orin_nano/demo/src/vesc_foxy/vesc_ackermann/src/vesc_to_odom.cpp:88:3:[m[K [01;31m[Kerror: [m[Kâ€˜[01m[KOdometry[m[Kâ€™ was not declared in this scope
   88 |   [01;31m[KOdometry[m[K odom;
      |   [01;31m[K^~~~~~~~[m[K
[01m[K/home/orin_nano/demo/src/vesc_foxy/vesc_ackermann/src/vesc_to_odom.cpp:89:3:[m[K [01;31m[Kerror: [m[Kâ€˜[01m[Kodom[m[Kâ€™ was not declared in this scope
   89 |   [01;31m[Kodom[m[K.header.frame_id = odom_frame_;
      |   [01;31m[K^~~~[m[K
[01m[K/home/orin_nano/demo/src/vesc_foxy/vesc_ackermann/src/vesc_to_odom.cpp:89:26:[m[K [01;31m[Kerror: [m[Kâ€˜[01m[Kodom_frame_[m[Kâ€™ was not declared in this scope
   89 |   odom.header.frame_id = [01;31m[Kodom_frame_[m[K;
      |                          [01;31m[K^~~~~~~~~~~[m[K
[01m[K/home/orin_nano/demo/src/vesc_foxy/vesc_ackermann/src/vesc_to_odom.cpp:90:23:[m[K [01;31m[Kerror: [m[Kâ€˜[01m[Know[m[Kâ€™ was not declared in this scope; did you mean â€˜[01m[Kpow[m[Kâ€™?
   90 |   odom.header.stamp = [01;31m[Know[m[K();
      |                       [01;31m[K^~~[m[K
      |                       [32m[Kpow[m[K
[01m[K/home/orin_nano/demo/src/vesc_foxy/vesc_ackermann/src/vesc_to_odom.cpp:91:25:[m[K [01;31m[Kerror: [m[Kâ€˜[01m[Kbase_frame_[m[Kâ€™ was not declared in this scope; did you mean â€˜[01m[Kbasename[m[Kâ€™?
   91 |   odom.child_frame_id = [01;31m[Kbase_frame_[m[K;
      |                         [01;31m[K^~~~~~~~~~~[m[K
      |                         [32m[Kbasename[m[K
[01m[K/home/orin_nano/demo/src/vesc_foxy/vesc_ackermann/src/vesc_to_odom.cpp:107:7:[m[K [01;31m[Kerror: [m[Kâ€˜[01m[Kpublish_tf_[m[Kâ€™ was not declared in this scope
  107 |   if ([01;31m[Kpublish_tf_[m[K) {
      |       [01;31m[K^~~~~~~~~~~[m[K
[01m[K/home/orin_nano/demo/src/vesc_foxy/vesc_ackermann/src/vesc_to_odom.cpp:118:7:[m[K [01;31m[Kerror: [m[Kâ€˜[01m[Ktf_pub_[m[Kâ€™ was not declared in this scope
  118 |       [01;31m[Ktf_pub_[m[K->sendTransform(tf);
      |       [01;31m[K^~~~~~~[m[K
[01m[K/home/orin_nano/demo/src/vesc_foxy/vesc_ackermann/src/vesc_to_odom.cpp:123:5:[m[K [01;31m[Kerror: [m[Kâ€˜[01m[Kodom_pub_[m[Kâ€™ was not declared in this scope
  123 |     [01;31m[Kodom_pub_[m[K->publish(odom);
      |     [01;31m[K^~~~~~~~~[m[K
In file included from [01m[K/opt/ros/foxy/include/class_loader/class_loader.hpp:56[m[K,
                 from [01m[K/opt/ros/foxy/include/rclcpp_components/register_node_macro.hpp:18[m[K,
                 from [01m[K/home/orin_nano/demo/src/vesc_foxy/vesc_ackermann/src/vesc_to_odom.cpp:129[m[K:
[01m[K/home/orin_nano/demo/src/vesc_foxy/vesc_ackermann/src/vesc_to_odom.cpp:[m[K At global scope:
[01m[K/home/orin_nano/demo/src/vesc_foxy/vesc_ackermann/src/vesc_to_odom.cpp:131:49:[m[K [01;31m[Kerror: [m[Kâ€˜[01m[KVescToOdom[m[Kâ€™ is not a member of â€˜[01m[Kvesc_ackermann[m[Kâ€™
  131 | RCLCPP_COMPONENTS_REGISTER_NODE(vesc_ackermann::[01;31m[KVescToOdom[m[K)
      |                                                 [01;31m[K^~~~~~~~~~[m[K
[01m[K/home/orin_nano/demo/src/vesc_foxy/vesc_ackermann/src/vesc_to_odom.cpp:131:49:[m[K [01;31m[Kerror: [m[Kâ€˜[01m[KVescToOdom[m[Kâ€™ is not a member of â€˜[01m[Kvesc_ackermann[m[Kâ€™
[01m[K/home/orin_nano/demo/src/vesc_foxy/vesc_ackermann/src/vesc_to_odom.cpp:131:1:[m[K [01;31m[Kerror: [m[Ktemplate argument 1 is invalid
  131 | [01;31m[KRCLCPP_COMPONENTS_REGISTER_NODE[m[K(vesc_ackermann::VescToOdom)
      | [01;31m[K^~~~~~~~~~~~~~~~~~~~~~~~~~~~~~~[m[K
In file included from [01m[K/opt/ros/foxy/include/class_loader/class_loader_core.hpp:57[m[K,
                 from [01m[K/opt/ros/foxy/include/class_loader/class_loader.hpp:55[m[K,
                 from [01m[K/opt/ros/foxy/include/rclcpp_components/register_node_macro.hpp:18[m[K,
                 from [01m[K/home/orin_nano/demo/src/vesc_foxy/vesc_ackermann/src/vesc_to_odom.cpp:129[m[K:
/opt/ros/foxy/include/class_loader/meta_object.hpp: In instantiation of â€˜[01m[KB* class_loader::impl::MetaObject<C, B>::create() const [with C = int; B = rclcpp_components::NodeFactory][m[Kâ€™:
[01m[K/opt/ros/foxy/include/class_loader/meta_object.hpp:216:7:[m[K   required from here
[01m[K/opt/ros/foxy/include/class_loader/meta_object.hpp:218:12:[m[K [01;31m[Kerror: [m[Kcannot convert â€˜[01m[Kint*[m[Kâ€™ to â€˜[01m[Krclcpp_components::NodeFactory*[m[Kâ€™ in return
  218 |     return [01;31m[Knew C[m[K;
      |            [01;31m[K^~~~~[m[K
      |            [01;31m[K|[m[K
      |            [01;31m[Kint*[m[K
make[2]: *** [CMakeFiles/vesc_ackermann.dir/build.make:76: CMakeFiles/vesc_ackermann.dir/src/vesc_to_odom.cpp.o] Error 1
make[1]: *** [CMakeFiles/Makefile2:136: CMakeFiles/vesc_ackermann.dir/all] Error 2
make: *** [Makefile:141: all] Error 2
