[1.539s] Invoking command in '/home/orin_nano/demo/build/vesc_ackermann': CMAKE_PREFIX_PATH=/home/orin_nano/demo/install/vesc_msgs:/home/orin_nano/demo/install/vesc:/home/orin_nano/demo/install/vesc_driver:/home/orin_nano/demo/install/vesc_ackermann:/home/orin_nano/demo/install/udp_driver:/home/orin_nano/demo/install/serial_driver:/home/orin_nano/demo/install/io_context:/home/orin_nano/demo/install/combine_pkg:/home/orin_nano/demo/install/asio_cmake_module:/home/orin_nano/joyy/install/vesc:/home/orin_nano/joyy/install/vesc_ackermann:/home/orin_nano/joyy/install/vesc_msgs:/home/orin_nano/joyy/install/joy:/home/orin_nano/install/joy:/home/orin_nano/demo/install/joy:/opt/ros/foxy LD_LIBRARY_PATH=/home/orin_nano/demo/install/vesc_msgs/lib:/home/orin_nano/demo/install/vesc_driver/lib:/home/orin_nano/demo/install/vesc_ackermann/lib:/home/orin_nano/demo/install/udp_driver/lib:/home/orin_nano/demo/install/serial_driver/lib:/home/orin_nano/demo/install/io_context/lib:/home/orin_nano/joyy/install/vesc_ackermann/lib:/home/orin_nano/joyy/install/vesc_msgs/lib:/home/orin_nano/joyy/install/joy/lib:/home/orin_nano/install/joy/lib:/opt/ros/foxy/opt/yaml_cpp_vendor/lib:/opt/ros/foxy/opt/rviz_ogre_vendor/lib:/opt/ros/foxy/lib/aarch64-linux-gnu:/opt/ros/foxy/lib:/usr/local/cuda-11.4/lib64 /usr/bin/cmake --build /home/orin_nano/demo/build/vesc_ackermann -- -j6 -l6
[1.678s] [ 71%] Built target ackermann_to_vesc_node
[1.679s] [ 57%] [32mBuilding CXX object CMakeFiles/vesc_ackermann.dir/src/vesc_to_odom.cpp.o[0m
[1.680s] [ 71%] Built target vesc_to_odom_node
[4.517s] [01m[K/home/orin_nano/demo/src/vesc_foxy/vesc_ackermann/src/vesc_to_odom.cpp:13:7:[m[K [01;31m[Kerror: [m[Kâ€˜[01m[Knav_msgs[m[Kâ€™ has not been declared
[4.518s]    13 | using [01;31m[Knav_msgs[m[K::msg::Odometry;
[4.518s]       |       [01;31m[K^~~~~~~~[m[K
[4.520s] [01m[K/home/orin_nano/demo/src/vesc_foxy/vesc_ackermann/src/vesc_to_odom.cpp:17:1:[m[K [01;31m[Kerror: [m[Kâ€˜[01m[KVescToOdom[m[Kâ€™ does not name a type
[4.521s]    17 | [01;31m[KVescToOdom[m[K::VescToOdom(const rclcpp::NodeOptions & options)
[4.521s]       | [01;31m[K^~~~~~~~~~[m[K
[4.522s] [01m[K/home/orin_nano/demo/src/vesc_foxy/vesc_ackermann/src/vesc_to_odom.cpp:60:6:[m[K [01;31m[Kerror: [m[Kâ€˜[01m[KVescToOdom[m[Kâ€™ has not been declared
[4.523s]    60 | void [01;31m[KVescToOdom[m[K::motorSpeedCallback(const Float64::SharedPtr msg)
[4.523s]       |      [01;31m[K^~~~~~~~~~[m[K
[4.531s] [01m[K/home/orin_nano/demo/src/vesc_foxy/vesc_ackermann/src/vesc_to_odom.cpp:[m[K In function â€˜[01m[Kvoid vesc_ackermann::motorSpeedCallback(std_msgs::msg::Float64_<std::allocator<void> >::SharedPtr)[m[Kâ€™:
[4.532s] [01m[K/home/orin_nano/demo/src/vesc_foxy/vesc_ackermann/src/vesc_to_odom.cpp:64:3:[m[K [01;31m[Kerror: [m[Kâ€˜[01m[Kmotor_speed_[m[Kâ€™ was not declared in this scope
[4.533s]    64 |   [01;31m[Kmotor_speed_[m[K = map(read_speed_, -10000.0, 10000.0, -3.0, 3.0);
[4.534s]       |   [01;31m[K^~~~~~~~~~~~[m[K
[4.534s] [01m[K/home/orin_nano/demo/src/vesc_foxy/vesc_ackermann/src/vesc_to_odom.cpp:[m[K At global scope:
[4.535s] [01m[K/home/orin_nano/demo/src/vesc_foxy/vesc_ackermann/src/vesc_to_odom.cpp:67:6:[m[K [01;31m[Kerror: [m[Kâ€˜[01m[KVescToOdom[m[Kâ€™ has not been declared
[4.535s]    67 | void [01;31m[KVescToOdom[m[K::servoAngleCallback(const Float64::SharedPtr msg)
[4.536s]       |      [01;31m[K^~~~~~~~~~[m[K
[4.537s] [01m[K/home/orin_nano/demo/src/vesc_foxy/vesc_ackermann/src/vesc_to_odom.cpp:[m[K In function â€˜[01m[Kvoid vesc_ackermann::servoAngleCallback(std_msgs::msg::Float64_<std::allocator<void> >::SharedPtr)[m[Kâ€™:
[4.538s] [01m[K/home/orin_nano/demo/src/vesc_foxy/vesc_ackermann/src/vesc_to_odom.cpp:71:3:[m[K [01;31m[Kerror: [m[Kâ€˜[01m[Kservo_angle_[m[Kâ€™ was not declared in this scope; did you mean â€˜[01m[Kread_angle_[m[Kâ€™?
[4.539s]    71 |   [01;31m[Kservo_angle_[m[K =  map(read_angle_, 65.0, 67.0, -40.0*M_PI/180, 40.0*M_PI/180);
[4.539s]       |   [01;31m[K^~~~~~~~~~~~[m[K
[4.540s]       |   [32m[Kread_angle_[m[K
[4.540s] [01m[K/home/orin_nano/demo/src/vesc_foxy/vesc_ackermann/src/vesc_to_odom.cpp:[m[K At global scope:
[4.541s] [01m[K/home/orin_nano/demo/src/vesc_foxy/vesc_ackermann/src/vesc_to_odom.cpp:74:6:[m[K [01;31m[Kerror: [m[Kâ€˜[01m[KVescToOdom[m[Kâ€™ has not been declared
[4.542s]    74 | void [01;31m[KVescToOdom[m[K::updateCallback()
[4.542s]       |      [01;31m[K^~~~~~~~~~[m[K
[4.543s] [01m[K/home/orin_nano/demo/src/vesc_foxy/vesc_ackermann/src/vesc_to_odom.cpp:[m[K In function â€˜[01m[Kvoid vesc_ackermann::updateCallback()[m[Kâ€™:
[4.544s] [01m[K/home/orin_nano/demo/src/vesc_foxy/vesc_ackermann/src/vesc_to_odom.cpp:79:18:[m[K [01;31m[Kerror: [m[Kâ€˜[01m[Kmotor_speed_[m[Kâ€™ was not declared in this scope
[4.545s]    79 |   double x_dot = [01;31m[Kmotor_speed_[m[K * cos(theta_);
[4.545s]       |                  [01;31m[K^~~~~~~~~~~~[m[K
[4.546s] [01m[K/home/orin_nano/demo/src/vesc_foxy/vesc_ackermann/src/vesc_to_odom.cpp:79:37:[m[K [01;31m[Kerror: [m[Kâ€˜[01m[Ktheta_[m[Kâ€™ was not declared in this scope
[4.547s]    79 |   double x_dot = motor_speed_ * cos([01;31m[Ktheta_[m[K);
[4.547s]       |                                     [01;31m[K^~~~~~[m[K
[4.548s] [01m[K/home/orin_nano/demo/src/vesc_foxy/vesc_ackermann/src/vesc_to_odom.cpp:81:37:[m[K [01;31m[Kerror: [m[Kâ€˜[01m[Kwheelbase_[m[Kâ€™ was not declared in this scope
[4.549s]    81 |   double theta_dot = motor_speed_ / [01;31m[Kwheelbase_[m[K * tan(servo_angle_);
[4.551s]       |                                     [01;31m[K^~~~~~~~~~[m[K
[4.552s] [01m[K/home/orin_nano/demo/src/vesc_foxy/vesc_ackermann/src/vesc_to_odom.cpp:81:54:[m[K [01;31m[Kerror: [m[Kâ€˜[01m[Kservo_angle_[m[Kâ€™ was not declared in this scope
[4.553s]    81 |   double theta_dot = motor_speed_ / wheelbase_ * tan([01;31m[Kservo_angle_[m[K);
[4.554s]       |                                                      [01;31m[K^~~~~~~~~~~~[m[K
[4.555s] [01m[K/home/orin_nano/demo/src/vesc_foxy/vesc_ackermann/src/vesc_to_odom.cpp:84:3:[m[K [01;31m[Kerror: [m[Kâ€˜[01m[Kx_[m[Kâ€™ was not declared in this scope
[4.556s]    84 |   [01;31m[Kx_[m[K += x_dot * dt;
[4.556s]       |   [01;31m[K^~[m[K
[4.557s] [01m[K/home/orin_nano/demo/src/vesc_foxy/vesc_ackermann/src/vesc_to_odom.cpp:85:3:[m[K [01;31m[Kerror: [m[Kâ€˜[01m[Ky_[m[Kâ€™ was not declared in this scope; did you mean â€˜[01m[Kyn[m[Kâ€™?
[4.558s]    85 |   [01;31m[Ky_[m[K += y_dot * dt;
[4.559s]       |   [01;31m[K^~[m[K
[4.559s]       |   [32m[Kyn[m[K
[4.560s] [01m[K/home/orin_nano/demo/src/vesc_foxy/vesc_ackermann/src/vesc_to_odom.cpp:88:3:[m[K [01;31m[Kerror: [m[Kâ€˜[01m[KOdometry[m[Kâ€™ was not declared in this scope
[4.561s]    88 |   [01;31m[KOdometry[m[K odom;
[4.561s]       |   [01;31m[K^~~~~~~~[m[K
[4.562s] [01m[K/home/orin_nano/demo/src/vesc_foxy/vesc_ackermann/src/vesc_to_odom.cpp:89:3:[m[K [01;31m[Kerror: [m[Kâ€˜[01m[Kodom[m[Kâ€™ was not declared in this scope
[4.562s]    89 |   [01;31m[Kodom[m[K.header.frame_id = odom_frame_;
[4.563s]       |   [01;31m[K^~~~[m[K
[4.563s] [01m[K/home/orin_nano/demo/src/vesc_foxy/vesc_ackermann/src/vesc_to_odom.cpp:89:26:[m[K [01;31m[Kerror: [m[Kâ€˜[01m[Kodom_frame_[m[Kâ€™ was not declared in this scope
[4.564s]    89 |   odom.header.frame_id = [01;31m[Kodom_frame_[m[K;
[4.565s]       |                          [01;31m[K^~~~~~~~~~~[m[K
[4.566s] [01m[K/home/orin_nano/demo/src/vesc_foxy/vesc_ackermann/src/vesc_to_odom.cpp:90:23:[m[K [01;31m[Kerror: [m[Kâ€˜[01m[Know[m[Kâ€™ was not declared in this scope; did you mean â€˜[01m[Kpow[m[Kâ€™?
[4.568s]    90 |   odom.header.stamp = [01;31m[Know[m[K();
[4.568s]       |                       [01;31m[K^~~[m[K
[4.569s]       |                       [32m[Kpow[m[K
[4.570s] [01m[K/home/orin_nano/demo/src/vesc_foxy/vesc_ackermann/src/vesc_to_odom.cpp:91:25:[m[K [01;31m[Kerror: [m[Kâ€˜[01m[Kbase_frame_[m[Kâ€™ was not declared in this scope; did you mean â€˜[01m[Kbasename[m[Kâ€™?
[4.570s]    91 |   odom.child_frame_id = [01;31m[Kbase_frame_[m[K;
[4.572s]       |                         [01;31m[K^~~~~~~~~~~[m[K
[4.573s]       |                         [32m[Kbasename[m[K
[4.573s] [01m[K/home/orin_nano/demo/src/vesc_foxy/vesc_ackermann/src/vesc_to_odom.cpp:107:7:[m[K [01;31m[Kerror: [m[Kâ€˜[01m[Kpublish_tf_[m[Kâ€™ was not declared in this scope
[4.574s]   107 |   if ([01;31m[Kpublish_tf_[m[K) {
[4.575s]       |       [01;31m[K^~~~~~~~~~~[m[K
[4.576s] [01m[K/home/orin_nano/demo/src/vesc_foxy/vesc_ackermann/src/vesc_to_odom.cpp:118:7:[m[K [01;31m[Kerror: [m[Kâ€˜[01m[Ktf_pub_[m[Kâ€™ was not declared in this scope
[4.577s]   118 |       [01;31m[Ktf_pub_[m[K->sendTransform(tf);
[4.577s]       |       [01;31m[K^~~~~~~[m[K
[4.578s] [01m[K/home/orin_nano/demo/src/vesc_foxy/vesc_ackermann/src/vesc_to_odom.cpp:123:5:[m[K [01;31m[Kerror: [m[Kâ€˜[01m[Kodom_pub_[m[Kâ€™ was not declared in this scope
[4.579s]   123 |     [01;31m[Kodom_pub_[m[K->publish(odom);
[4.579s]       |     [01;31m[K^~~~~~~~~[m[K
[4.605s] In file included from [01m[K/opt/ros/foxy/include/class_loader/class_loader.hpp:56[m[K,
[4.605s]                  from [01m[K/opt/ros/foxy/include/rclcpp_components/register_node_macro.hpp:18[m[K,
[4.606s]                  from [01m[K/home/orin_nano/demo/src/vesc_foxy/vesc_ackermann/src/vesc_to_odom.cpp:129[m[K:
[4.607s] [01m[K/home/orin_nano/demo/src/vesc_foxy/vesc_ackermann/src/vesc_to_odom.cpp:[m[K At global scope:
[4.608s] [01m[K/home/orin_nano/demo/src/vesc_foxy/vesc_ackermann/src/vesc_to_odom.cpp:131:49:[m[K [01;31m[Kerror: [m[Kâ€˜[01m[KVescToOdom[m[Kâ€™ is not a member of â€˜[01m[Kvesc_ackermann[m[Kâ€™
[4.608s]   131 | RCLCPP_COMPONENTS_REGISTER_NODE(vesc_ackermann::[01;31m[KVescToOdom[m[K)
[4.610s]       |                                                 [01;31m[K^~~~~~~~~~[m[K
[4.610s] [01m[K/home/orin_nano/demo/src/vesc_foxy/vesc_ackermann/src/vesc_to_odom.cpp:131:49:[m[K [01;31m[Kerror: [m[Kâ€˜[01m[KVescToOdom[m[Kâ€™ is not a member of â€˜[01m[Kvesc_ackermann[m[Kâ€™
[4.611s] [01m[K/home/orin_nano/demo/src/vesc_foxy/vesc_ackermann/src/vesc_to_odom.cpp:131:1:[m[K [01;31m[Kerror: [m[Ktemplate argument 1 is invalid
[4.612s]   131 | [01;31m[KRCLCPP_COMPONENTS_REGISTER_NODE[m[K(vesc_ackermann::VescToOdom)
[4.612s]       | [01;31m[K^~~~~~~~~~~~~~~~~~~~~~~~~~~~~~~[m[K
[5.384s] In file included from [01m[K/opt/ros/foxy/include/class_loader/class_loader_core.hpp:57[m[K,
[5.385s]                  from [01m[K/opt/ros/foxy/include/class_loader/class_loader.hpp:55[m[K,
[5.386s]                  from [01m[K/opt/ros/foxy/include/rclcpp_components/register_node_macro.hpp:18[m[K,
[5.387s]                  from [01m[K/home/orin_nano/demo/src/vesc_foxy/vesc_ackermann/src/vesc_to_odom.cpp:129[m[K:
[5.387s] /opt/ros/foxy/include/class_loader/meta_object.hpp: In instantiation of â€˜[01m[KB* class_loader::impl::MetaObject<C, B>::create() const [with C = int; B = rclcpp_components::NodeFactory][m[Kâ€™:
[5.388s] [01m[K/opt/ros/foxy/include/class_loader/meta_object.hpp:216:7:[m[K   required from here
[5.388s] [01m[K/opt/ros/foxy/include/class_loader/meta_object.hpp:218:12:[m[K [01;31m[Kerror: [m[Kcannot convert â€˜[01m[Kint*[m[Kâ€™ to â€˜[01m[Krclcpp_components::NodeFactory*[m[Kâ€™ in return
[5.389s]   218 |     return [01;31m[Knew C[m[K;
[5.390s]       |            [01;31m[K^~~~~[m[K
[5.390s]       |            [01;31m[K|[m[K
[5.391s]       |            [01;31m[Kint*[m[K
[5.520s] make[2]: *** [CMakeFiles/vesc_ackermann.dir/build.make:76: CMakeFiles/vesc_ackermann.dir/src/vesc_to_odom.cpp.o] Error 1
[5.522s] make[1]: *** [CMakeFiles/Makefile2:136: CMakeFiles/vesc_ackermann.dir/all] Error 2
[5.523s] make: *** [Makefile:141: all] Error 2
[7.009s] Invoked command in '/home/orin_nano/demo/build/vesc_ackermann' returned '2': CMAKE_PREFIX_PATH=/home/orin_nano/demo/install/vesc_msgs:/home/orin_nano/demo/install/vesc:/home/orin_nano/demo/install/vesc_driver:/home/orin_nano/demo/install/vesc_ackermann:/home/orin_nano/demo/install/udp_driver:/home/orin_nano/demo/install/serial_driver:/home/orin_nano/demo/install/io_context:/home/orin_nano/demo/install/combine_pkg:/home/orin_nano/demo/install/asio_cmake_module:/home/orin_nano/joyy/install/vesc:/home/orin_nano/joyy/install/vesc_ackermann:/home/orin_nano/joyy/install/vesc_msgs:/home/orin_nano/joyy/install/joy:/home/orin_nano/install/joy:/home/orin_nano/demo/install/joy:/opt/ros/foxy LD_LIBRARY_PATH=/home/orin_nano/demo/install/vesc_msgs/lib:/home/orin_nano/demo/install/vesc_driver/lib:/home/orin_nano/demo/install/vesc_ackermann/lib:/home/orin_nano/demo/install/udp_driver/lib:/home/orin_nano/demo/install/serial_driver/lib:/home/orin_nano/demo/install/io_context/lib:/home/orin_nano/joyy/install/vesc_ackermann/lib:/home/orin_nano/joyy/install/vesc_msgs/lib:/home/orin_nano/joyy/install/joy/lib:/home/orin_nano/install/joy/lib:/opt/ros/foxy/opt/yaml_cpp_vendor/lib:/opt/ros/foxy/opt/rviz_ogre_vendor/lib:/opt/ros/foxy/lib/aarch64-linux-gnu:/opt/ros/foxy/lib:/usr/local/cuda-11.4/lib64 /usr/bin/cmake --build /home/orin_nano/demo/build/vesc_ackermann -- -j6 -l6
