[1.505s] Invoking command in '/home/orin_nano/demo/build/vesc_ackermann': CMAKE_PREFIX_PATH=/home/orin_nano/demo/install/vesc_msgs:/home/orin_nano/demo/install/vesc:/home/orin_nano/demo/install/vesc_driver:/home/orin_nano/demo/install/vesc_ackermann:/home/orin_nano/demo/install/udp_driver:/home/orin_nano/demo/install/serial_driver:/home/orin_nano/demo/install/joy:/home/orin_nano/demo/install/io_context:/home/orin_nano/demo/install/combine_pkg:/home/orin_nano/demo/install/asio_cmake_module:/home/orin_nano/joyy/install/vesc:/home/orin_nano/joyy/install/vesc_ackermann:/home/orin_nano/joyy/install/vesc_msgs:/home/orin_nano/joyy/install/joy:/home/orin_nano/install/joy:/opt/ros/foxy LD_LIBRARY_PATH=/home/orin_nano/demo/install/vesc_msgs/lib:/home/orin_nano/demo/install/vesc_driver/lib:/home/orin_nano/demo/install/vesc_ackermann/lib:/home/orin_nano/demo/install/udp_driver/lib:/home/orin_nano/demo/install/serial_driver/lib:/home/orin_nano/demo/install/joy/lib:/home/orin_nano/demo/install/io_context/lib:/home/orin_nano/joyy/install/vesc_ackermann/lib:/home/orin_nano/joyy/install/vesc_msgs/lib:/home/orin_nano/joyy/install/joy/lib:/home/orin_nano/install/joy/lib:/opt/ros/foxy/opt/yaml_cpp_vendor/lib:/opt/ros/foxy/opt/rviz_ogre_vendor/lib:/opt/ros/foxy/lib/aarch64-linux-gnu:/opt/ros/foxy/lib:/usr/local/cuda-11.4/lib64 /usr/bin/cmake --build /home/orin_nano/demo/build/vesc_ackermann -- -j6 -l6
[1.607s] [35m[1mScanning dependencies of target vesc_ackermann[0m
[1.645s] [ 57%] Built target ackermann_to_vesc_node
[1.646s] [ 57%] Built target vesc_to_odom_node
[1.672s] [ 71%] [32mBuilding CXX object CMakeFiles/vesc_ackermann.dir/src/vesc_to_odom.cpp.o[0m
[4.553s] [01m[K/home/orin_nano/demo/src/vesc_foxy/vesc_ackermann/src/vesc_to_odom.cpp:[m[K In member function â€˜[01m[Kvoid vesc_ackermann::VescToOdom::servoAngleCallback(std_msgs::msg::Float64_<std::allocator<void> >::SharedPtr)[m[Kâ€™:
[4.554s] [01m[K/home/orin_nano/demo/src/vesc_foxy/vesc_ackermann/src/vesc_to_odom.cpp:77:32:[m[K [01;31m[Kerror: [m[Kqualified-id in declaration before â€˜[01m[K([m[Kâ€™ token
[4.554s]    77 | void VescToOdom::updateCallback[01;31m[K([m[K)
[4.555s]       |                                [01;31m[K^[m[K
[4.581s] In file included from [01m[K/opt/ros/foxy/include/class_loader/class_loader.hpp:56[m[K,
[4.582s]                  from [01m[K/opt/ros/foxy/include/rclcpp_components/register_node_macro.hpp:18[m[K,
[4.582s]                  from [01m[K/home/orin_nano/demo/src/vesc_foxy/vesc_ackermann/src/vesc_to_odom.cpp:132[m[K:
[4.582s] [01m[K/home/orin_nano/demo/src/vesc_foxy/vesc_ackermann/src/vesc_to_odom.cpp:[m[K At global scope:
[4.583s] [01m[K/home/orin_nano/demo/src/vesc_foxy/vesc_ackermann/src/vesc_to_odom.cpp:134:1:[m[K [01;31m[Kerror: [m[Kexpected â€˜[01m[K}[m[Kâ€™ at end of input
[4.583s]   134 | [01;31m[KRCLCPP_COMPONENTS_REGISTER_NODE[m[K(vesc_ackermann::VescToOdom)
[4.584s]       | [01;31m[K^~~~~~~~~~~~~~~~~~~~~~~~~~~~~~~[m[K
[4.585s] [01m[K/home/orin_nano/demo/src/vesc_foxy/vesc_ackermann/src/vesc_to_odom.cpp:10:1:[m[K [01;36m[Knote: [m[Kto match this â€˜[01m[K{[m[Kâ€™
[4.585s]    10 | [01;36m[K{[m[K
[4.586s]       | [01;36m[K^[m[K
[8.582s] make[2]: *** [CMakeFiles/vesc_ackermann.dir/build.make:76: CMakeFiles/vesc_ackermann.dir/src/vesc_to_odom.cpp.o] Error 1
[8.582s] make[1]: *** [CMakeFiles/Makefile2:136: CMakeFiles/vesc_ackermann.dir/all] Error 2
[8.583s] make: *** [Makefile:141: all] Error 2
[9.439s] Invoked command in '/home/orin_nano/demo/build/vesc_ackermann' returned '2': CMAKE_PREFIX_PATH=/home/orin_nano/demo/install/vesc_msgs:/home/orin_nano/demo/install/vesc:/home/orin_nano/demo/install/vesc_driver:/home/orin_nano/demo/install/vesc_ackermann:/home/orin_nano/demo/install/udp_driver:/home/orin_nano/demo/install/serial_driver:/home/orin_nano/demo/install/joy:/home/orin_nano/demo/install/io_context:/home/orin_nano/demo/install/combine_pkg:/home/orin_nano/demo/install/asio_cmake_module:/home/orin_nano/joyy/install/vesc:/home/orin_nano/joyy/install/vesc_ackermann:/home/orin_nano/joyy/install/vesc_msgs:/home/orin_nano/joyy/install/joy:/home/orin_nano/install/joy:/opt/ros/foxy LD_LIBRARY_PATH=/home/orin_nano/demo/install/vesc_msgs/lib:/home/orin_nano/demo/install/vesc_driver/lib:/home/orin_nano/demo/install/vesc_ackermann/lib:/home/orin_nano/demo/install/udp_driver/lib:/home/orin_nano/demo/install/serial_driver/lib:/home/orin_nano/demo/install/joy/lib:/home/orin_nano/demo/install/io_context/lib:/home/orin_nano/joyy/install/vesc_ackermann/lib:/home/orin_nano/joyy/install/vesc_msgs/lib:/home/orin_nano/joyy/install/joy/lib:/home/orin_nano/install/joy/lib:/opt/ros/foxy/opt/yaml_cpp_vendor/lib:/opt/ros/foxy/opt/rviz_ogre_vendor/lib:/opt/ros/foxy/lib/aarch64-linux-gnu:/opt/ros/foxy/lib:/usr/local/cuda-11.4/lib64 /usr/bin/cmake --build /home/orin_nano/demo/build/vesc_ackermann -- -j6 -l6
