[35m[1mScanning dependencies of target vesc_ackermann[0m
[ 57%] Built target ackermann_to_vesc_node
[ 57%] Built target vesc_to_odom_node
[ 71%] [32mBuilding CXX object CMakeFiles/vesc_ackermann.dir/src/vesc_to_odom.cpp.o[0m
[01m[K/home/orin_nano/demo/src/vesc_foxy/vesc_ackermann/src/vesc_to_odom.cpp:[m[K In member function â€˜[01m[Kvoid vesc_ackermann::VescToOdom::servoAngleCallback(std_msgs::msg::Float64_<std::allocator<void> >::SharedPtr)[m[Kâ€™:
[01m[K/home/orin_nano/demo/src/vesc_foxy/vesc_ackermann/src/vesc_to_odom.cpp:77:32:[m[K [01;31m[Kerror: [m[Kqualified-id in declaration before â€˜[01m[K([m[Kâ€™ token
   77 | void VescToOdom::updateCallback[01;31m[K([m[K)
      |                                [01;31m[K^[m[K
In file included from [01m[K/opt/ros/foxy/include/class_loader/class_loader.hpp:56[m[K,
                 from [01m[K/opt/ros/foxy/include/rclcpp_components/register_node_macro.hpp:18[m[K,
                 from [01m[K/home/orin_nano/demo/src/vesc_foxy/vesc_ackermann/src/vesc_to_odom.cpp:132[m[K:
[01m[K/home/orin_nano/demo/src/vesc_foxy/vesc_ackermann/src/vesc_to_odom.cpp:[m[K At global scope:
[01m[K/home/orin_nano/demo/src/vesc_foxy/vesc_ackermann/src/vesc_to_odom.cpp:134:1:[m[K [01;31m[Kerror: [m[Kâ€˜[01m[Krclcpp_components[m[Kâ€™ does not name a type
  134 | [01;31m[KRCLCPP_COMPONENTS_REGISTER_NODE[m[K(vesc_ackermann::VescToOdom)
      | [01;31m[K^~~~~~~~~~~~~~~~~~~~~~~~~~~~~~~[m[K
[01m[K/home/orin_nano/demo/src/vesc_foxy/vesc_ackermann/src/vesc_to_odom.cpp:134:1:[m[K [01;31m[Kerror: [m[Kâ€˜[01m[Krclcpp_components[m[Kâ€™ does not name a type
  134 | [01;31m[KRCLCPP_COMPONENTS_REGISTER_NODE[m[K(vesc_ackermann::VescToOdom)
      | [01;31m[K^~~~~~~~~~~~~~~~~~~~~~~~~~~~~~~[m[K
In file included from [01m[K/opt/ros/foxy/include/class_loader/class_loader.hpp:50[m[K,
                 from [01m[K/opt/ros/foxy/include/rclcpp_components/register_node_macro.hpp:18[m[K,
                 from [01m[K/home/orin_nano/demo/src/vesc_foxy/vesc_ackermann/src/vesc_to_odom.cpp:132[m[K:
[01m[K/home/orin_nano/demo/src/vesc_foxy/vesc_ackermann/src/vesc_to_odom.cpp:[m[K In constructor â€˜[01m[K{anonymous}::ProxyExec0::ProxyExec0()[m[Kâ€™:
[01m[K/home/orin_nano/demo/src/vesc_foxy/vesc_ackermann/src/vesc_to_odom.cpp:134:1:[m[K [01;31m[Kerror: [m[Kâ€˜[01m[Kconsole_bridge[m[Kâ€™ has not been declared
  134 | [01;31m[KRCLCPP_COMPONENTS_REGISTER_NODE[m[K(vesc_ackermann::VescToOdom)
      | [01;31m[K^~~~~~~~~~~~~~~~~~~~~~~~~~~~~~~[m[K
[01m[K/home/orin_nano/demo/src/vesc_foxy/vesc_ackermann/src/vesc_to_odom.cpp:134:1:[m[K [01;31m[Kerror: [m[Kâ€˜[01m[Kconsole_bridge[m[Kâ€™ has not been declared
  134 | [01;31m[KRCLCPP_COMPONENTS_REGISTER_NODE[m[K(vesc_ackermann::VescToOdom)
      | [01;31m[K^~~~~~~~~~~~~~~~~~~~~~~~~~~~~~~[m[K
In file included from [01m[K/opt/ros/foxy/include/class_loader/class_loader.hpp:56[m[K,
                 from [01m[K/opt/ros/foxy/include/rclcpp_components/register_node_macro.hpp:18[m[K,
                 from [01m[K/home/orin_nano/demo/src/vesc_foxy/vesc_ackermann/src/vesc_to_odom.cpp:132[m[K:
[01m[K/home/orin_nano/demo/src/vesc_foxy/vesc_ackermann/src/vesc_to_odom.cpp:134:1:[m[K [01;31m[Kerror: [m[Kâ€˜[01m[Kclass_loader[m[Kâ€™ has not been declared
  134 | [01;31m[KRCLCPP_COMPONENTS_REGISTER_NODE[m[K(vesc_ackermann::VescToOdom)
      | [01;31m[K^~~~~~~~~~~~~~~~~~~~~~~~~~~~~~~[m[K
[01m[K/home/orin_nano/demo/src/vesc_foxy/vesc_ackermann/src/vesc_to_odom.cpp:134:1:[m[K [01;31m[Kerror: [m[Kâ€˜[01m[K_derived[m[Kâ€™ was not declared in this scope
  134 | [01;31m[KRCLCPP_COMPONENTS_REGISTER_NODE[m[K(vesc_ackermann::VescToOdom)
      | [01;31m[K^~~~~~~~~~~~~~~~~~~~~~~~~~~~~~~[m[K
[01m[K/home/orin_nano/demo/src/vesc_foxy/vesc_ackermann/src/vesc_to_odom.cpp:134:1:[m[K [01;31m[Kerror: [m[Kâ€˜[01m[K_base[m[Kâ€™ was not declared in this scope
  134 | [01;31m[KRCLCPP_COMPONENTS_REGISTER_NODE[m[K(vesc_ackermann::VescToOdom)
      | [01;31m[K^~~~~~~~~~~~~~~~~~~~~~~~~~~~~~~[m[K
make[2]: *** [CMakeFiles/vesc_ackermann.dir/build.make:76: CMakeFiles/vesc_ackermann.dir/src/vesc_to_odom.cpp.o] Error 1
make[1]: *** [CMakeFiles/Makefile2:136: CMakeFiles/vesc_ackermann.dir/all] Error 2
make: *** [Makefile:141: all] Error 2
