[0.261s] Invoking command in '/home/orin_nano/demo/build/vesc_driver': AMENT_PREFIX_PATH=/home/orin_nano/demo/install/vesc_msgs:${AMENT_PREFIX_PATH} CMAKE_PREFIX_PATH=/home/orin_nano/demo/install/vesc_msgs:/opt/ros/foxy LD_LIBRARY_PATH=/home/orin_nano/demo/install/vesc_msgs/lib:/opt/ros/foxy/opt/yaml_cpp_vendor/lib:/opt/ros/foxy/opt/rviz_ogre_vendor/lib:/opt/ros/foxy/lib/aarch64-linux-gnu:/opt/ros/foxy/lib:/usr/local/cuda-11.4/lib64 PYTHONPATH=/home/orin_nano/demo/install/vesc_msgs/lib/python3.8/site-packages:${PYTHONPATH} /usr/bin/cmake /home/orin_nano/demo/src/vesc_foxy/vesc_driver -DCMAKE_INSTALL_PREFIX=/home/orin_nano/demo/install/vesc_driver
[0.370s] -- The C compiler identification is GNU 9.4.0
[0.471s] -- The CXX compiler identification is GNU 9.4.0
[0.479s] -- Check for working C compiler: /usr/bin/cc
[0.615s] -- Check for working C compiler: /usr/bin/cc -- works
[0.618s] -- Detecting C compiler ABI info
[0.765s] -- Detecting C compiler ABI info - done
[0.783s] -- Detecting C compile features
[0.784s] -- Detecting C compile features - done
[0.789s] -- Check for working CXX compiler: /usr/bin/c++
[0.942s] -- Check for working CXX compiler: /usr/bin/c++ -- works
[0.944s] -- Detecting CXX compiler ABI info
[1.099s] -- Detecting CXX compiler ABI info - done
[1.118s] -- Detecting CXX compile features
[1.119s] -- Detecting CXX compile features - done
[1.122s] -- Found ament_cmake_auto: 0.9.12 (/opt/ros/foxy/share/ament_cmake_auto/cmake)
[1.175s] -- Found PythonInterp: /usr/bin/python3 (found suitable version "3.8.10", minimum required is "3") 
[1.176s] -- Using PYTHON_EXECUTABLE: /usr/bin/python3
[1.797s] -- Using all available rosidl_typesupport_c: rosidl_typesupport_fastrtps_c;rosidl_typesupport_introspection_c
[1.810s] -- Found rosidl_adapter: 1.3.1 (/opt/ros/foxy/share/rosidl_adapter/cmake)
[1.987s] -- Found OpenSSL: /usr/lib/aarch64-linux-gnu/libcrypto.so (found version "1.1.1f")  
[2.043s] -- Found FastRTPS: /opt/ros/foxy/include  
[2.195s] -- Using all available rosidl_typesupport_cpp: rosidl_typesupport_fastrtps_cpp;rosidl_typesupport_introspection_cpp
[2.298s] -- Found rmw_implementation_cmake: 1.0.4 (/opt/ros/foxy/share/rmw_implementation_cmake/cmake)
[2.301s] -- Using RMW implementation 'rmw_fastrtps_cpp' as default
[2.303s] -- Looking for pthread.h
[2.444s] -- Looking for pthread.h - found
[2.445s] -- Performing Test CMAKE_HAVE_LIBC_PTHREAD
[2.589s] -- Performing Test CMAKE_HAVE_LIBC_PTHREAD - Failed
[2.590s] -- Looking for pthread_create in pthreads
[2.709s] -- Looking for pthread_create in pthreads - not found
[2.710s] -- Looking for pthread_create in pthread
[2.849s] -- Looking for pthread_create in pthread - found
[2.851s] -- Found Threads: TRUE  
[3.615s] -- Found ament_lint_auto: 0.9.8 (/opt/ros/foxy/share/ament_lint_auto/cmake)
[3.650s] -- Added test 'copyright' to check source files copyright and LICENSE
[3.653s] -- Added test 'cppcheck' to perform static code analysis on C / C++ code
[3.653s] -- Configured cppcheck include dirs: /home/orin_nano/demo/src/vesc_foxy/vesc_driver/include
[3.653s] -- Configured cppcheck exclude dirs and/or files: 
[3.656s] -- Added test 'cpplint' to check C / C++ code against the Google style
[3.656s] -- Configured cpplint exclude dirs and/or files: 
[3.658s] -- Added test 'flake8' to check Python code syntax and style conventions
[3.659s] -- Added test 'lint_cmake' to check CMake code style
[3.660s] -- Added test 'pep257' to check Python code against some of the style conventions in PEP 257
[3.663s] -- Added test 'uncrustify' to check C / C++ code style
[3.663s] -- Configured uncrustify additional arguments: 
[3.664s] -- Added test 'xmllint' to check XML markup files
[3.675s] -- Configuring done
[3.712s] -- Generating done
[3.716s] -- Build files have been written to: /home/orin_nano/demo/build/vesc_driver
[3.739s] Invoked command in '/home/orin_nano/demo/build/vesc_driver' returned '0': AMENT_PREFIX_PATH=/home/orin_nano/demo/install/vesc_msgs:${AMENT_PREFIX_PATH} CMAKE_PREFIX_PATH=/home/orin_nano/demo/install/vesc_msgs:/opt/ros/foxy LD_LIBRARY_PATH=/home/orin_nano/demo/install/vesc_msgs/lib:/opt/ros/foxy/opt/yaml_cpp_vendor/lib:/opt/ros/foxy/opt/rviz_ogre_vendor/lib:/opt/ros/foxy/lib/aarch64-linux-gnu:/opt/ros/foxy/lib:/usr/local/cuda-11.4/lib64 PYTHONPATH=/home/orin_nano/demo/install/vesc_msgs/lib/python3.8/site-packages:${PYTHONPATH} /usr/bin/cmake /home/orin_nano/demo/src/vesc_foxy/vesc_driver -DCMAKE_INSTALL_PREFIX=/home/orin_nano/demo/install/vesc_driver
[3.744s] Invoking command in '/home/orin_nano/demo/build/vesc_driver': AMENT_PREFIX_PATH=/home/orin_nano/demo/install/vesc_msgs:${AMENT_PREFIX_PATH} CMAKE_PREFIX_PATH=/home/orin_nano/demo/install/vesc_msgs:/opt/ros/foxy LD_LIBRARY_PATH=/home/orin_nano/demo/install/vesc_msgs/lib:/opt/ros/foxy/opt/yaml_cpp_vendor/lib:/opt/ros/foxy/opt/rviz_ogre_vendor/lib:/opt/ros/foxy/lib/aarch64-linux-gnu:/opt/ros/foxy/lib:/usr/local/cuda-11.4/lib64 PYTHONPATH=/home/orin_nano/demo/install/vesc_msgs/lib/python3.8/site-packages:${PYTHONPATH} /usr/bin/cmake --build /home/orin_nano/demo/build/vesc_driver -- -j6 -l6
[3.827s] [35m[1mScanning dependencies of target vesc_driver_node[0m
[3.827s] [35m[1mScanning dependencies of target vesc_driver[0m
[3.892s] [ 10%] [32mBuilding CXX object CMakeFiles/vesc_driver_node.dir/rclcpp_components/node_main_vesc_driver_node.cpp.o[0m
[3.906s] [ 40%] [32mBuilding CXX object CMakeFiles/vesc_driver.dir/src/vesc_driver.cpp.o[0m
[3.907s] [ 40%] [32mBuilding CXX object CMakeFiles/vesc_driver.dir/src/vesc_interface.cpp.o[0m
[3.907s] [ 40%] [32mBuilding CXX object CMakeFiles/vesc_driver.dir/src/vesc_packet.cpp.o[0m
[3.919s] [ 50%] [32mBuilding CXX object CMakeFiles/vesc_driver.dir/src/vesc_packet_factory.cpp.o[0m
[4.030s] [01m[K/home/orin_nano/demo/src/vesc_foxy/vesc_driver/src/vesc_interface.cpp:45:10:[m[K [01;31m[Kfatal error: [m[Kserial_driver/serial_driver.hpp: No such file or directory
[4.030s]    45 | #include [01;31m[K"serial_driver/serial_driver.hpp"[m[K
[4.031s]       |          [01;31m[K^~~~~~~~~~~~~~~~~~~~~~~~~~~~~~~~~[m[K
[4.031s] compilation terminated.
[4.038s] make[2]: *** [CMakeFiles/vesc_driver.dir/build.make:76: CMakeFiles/vesc_driver.dir/src/vesc_interface.cpp.o] Error 1
[4.039s] make[2]: *** Waiting for unfinished jobs....
[9.474s] [ 60%] [32m[1mLinking CXX executable vesc_driver_node[0m
[9.764s] [ 60%] Built target vesc_driver_node
[22.279s] make[1]: *** [CMakeFiles/Makefile2:136: CMakeFiles/vesc_driver.dir/all] Error 2
[22.279s] make: *** [Makefile:141: all] Error 2
